<?xml version='1.0' encoding='UTF-8'?>
<testsuite hostname="wireless-169-228-74-177.ucsd.edu" name="SimpleNetworkTest" tests="3" errors="0" failures="0" skipped="0" time="2.432" timestamp="2019-02-21T14:29:48">
                     <properties>
[...]
</properties>
                     <testcase classname="SimpleNetworkTest" name="A simple network should compute preoutputs correctly" time="2.318">
                                                 
                                               </testcase><testcase classname="SimpleNetworkTest" name="A simple network should apply correctly" time="0.078">
                                                 
                                               </testcase><testcase classname="SimpleNetworkTest" name="A simple network should compute weight gradients correctly" time="0.036">
                                                 
                                               </testcase>
                     <system-out><![CDATA[]]></system-out>
                     <system-err><![CDATA[]]></system-err>
                   </testsuite>