<?xml version="1.0"?>
<!DOCTYPE coverage SYSTEM "http://cobertura.sourceforge.net/xml/coverage-04.dtd">
<coverage 
line-rate="0.90" lines-valid="982" lines-covered="885" branches-valid="2" branches-covered="2" branch-rate="1.00" complexity="0" version="1.0" timestamp="1550788196323">
    <sources>
        <source>--source</source>
        <source>/Users/alexanderguldemond/IdeaProjects/pdenetwork/src/main/scala</source>
    </sources>
    <packages>
        <package name="org.alexguldemond.pdenetwork" line-rate="0.90" branch-rate="1.00" complexity="0">
            <classes>
                <class 
                name="org.alexguldemond.pdenetwork.SimpleNetwork" filename="org/alexguldemond/pdenetwork/SimpleNetwork.scala" line-rate="0.86" branch-rate="1.00" complexity="0">
                    <methods>
                        <method 
                        name="org.alexguldemond.pdenetwork/SimpleNetwork/getDerivative" signature="()V" line-rate="0.77" branch-rate="1.00" complexity="0">
                            <lines>
                                <line number="59" hits="1" branch="false"/>
                                <line number="70" hits="1" branch="false"/>
                                <line number="61" hits="1" branch="false"/>
                                <line number="63" hits="0" branch="false"/>
                                <line number="68" hits="1" branch="false"/>
                                <line number="60" hits="1" branch="false"/>
                                <line number="69" hits="1" branch="false"/>
                                <line number="71" hits="1" branch="false"/>
                                <line number="61" hits="1" branch="false"/>
                                <line number="67" hits="0" branch="false"/>
                                <line number="58" hits="0" branch="false"/>
                                <line number="58" hits="0" branch="false"/>
                                <line number="70" hits="1" branch="false"/>
                                <line number="69" hits="1" branch="false"/>
                                <line number="71" hits="1" branch="false"/>
                                <line number="58" hits="0" branch="false"/>
                                <line number="60" hits="1" branch="false"/>
                                <line number="67" hits="0" branch="false"/>
                                <line number="69" hits="1" branch="false"/>
                                <line number="62" hits="1" branch="false"/>
                                <line number="61" hits="1" branch="false"/>
                                <line number="70" hits="1" branch="false"/>
                                <line number="68" hits="1" branch="false"/>
                                <line number="72" hits="0" branch="false"/>
                                <line number="62" hits="1" branch="false"/>
                                <line number="59" hits="1" branch="false"/>
                                <line number="58" hits="0" branch="false"/>
                                <line number="67" hits="0" branch="false"/>
                                <line number="59" hits="1" branch="false"/>
                                <line number="61" hits="1" branch="false"/>
                                <line number="71" hits="1" branch="false"/>
                                <line number="68" hits="1" branch="false"/>
                                <line number="59" hits="1" branch="false"/>
                                <line number="70" hits="1" branch="false"/>
                                <line number="61" hits="1" branch="false"/>
                                <line number="67" hits="0" branch="false"/>
                                <line number="67" hits="0" branch="false"/>
                                <line number="69" hits="1" branch="false"/>
                                <line number="71" hits="1" branch="false"/>
                                <line number="60" hits="1" branch="false"/>
                                <line number="62" hits="1" branch="false"/>
                                <line number="58" hits="0" branch="false"/>
                                <line number="59" hits="1" branch="false"/>
                                <line number="70" hits="1" branch="false"/>
                                <line number="68" hits="1" branch="false"/>
                                <line number="60" hits="1" branch="false"/>
                                <line number="62" hits="1" branch="false"/>
                                <line number="69" hits="1" branch="false"/>
                                <line number="71" hits="1" branch="false"/>
                                <line number="68" hits="1" branch="false"/>
                                <line number="60" hits="1" branch="false"/>
                                <line number="62" hits="1" branch="false"/>
                            </lines>
</method>
                        <method 
                        name="org.alexguldemond.pdenetwork/SimpleNetwork/updateWeights" signature="()V" line-rate="0.00" branch-rate="0.00" complexity="0">
                            <lines>
                                <line number="51" hits="0" branch="false"/>
                                <line number="49" hits="0" branch="false"/>
                                <line number="50" hits="0" branch="false"/>
                                <line number="50" hits="0" branch="false"/>
                                <line number="51" hits="0" branch="false"/>
                                <line number="49" hits="0" branch="false"/>
                                <line number="51" hits="0" branch="false"/>
                                <line number="49" hits="0" branch="false"/>
                                <line number="50" hits="0" branch="false"/>
                            </lines>
</method>
                        <method 
                        name="org.alexguldemond.pdenetwork/SimpleNetwork/hiddenPreOutputBatch" signature="()V" line-rate="1.00" branch-rate="1.00" complexity="0">
                            <lines>
                                <line number="43" hits="1" branch="false"/>
                                <line number="43" hits="1" branch="false"/>
                                <line number="43" hits="1" branch="false"/>
                                <line number="42" hits="1" branch="false"/>
                                <line number="43" hits="1" branch="false"/>
                                <line number="43" hits="1" branch="false"/>
                                <line number="42" hits="1" branch="false"/>
                                <line number="43" hits="1" branch="false"/>
                                <line number="43" hits="1" branch="false"/>
                                <line number="43" hits="1" branch="false"/>
                                <line number="43" hits="1" branch="false"/>
                                <line number="43" hits="1" branch="false"/>
                                <line number="43" hits="1" branch="false"/>
                                <line number="43" hits="1" branch="false"/>
                            </lines>
</method>
                        <method 
                        name="org.alexguldemond.pdenetwork/SimpleNetwork/weightGradientBatch" signature="()V" line-rate="1.00" branch-rate="1.00" complexity="0">
                            <lines>
                                <line number="30" hits="1" branch="false"/>
                                <line number="33" hits="1" branch="false"/>
                                <line number="36" hits="1" branch="false"/>
                                <line number="33" hits="1" branch="false"/>
                                <line number="30" hits="1" branch="false"/>
                                <line number="27" hits="1" branch="false"/>
                                <line number="30" hits="1" branch="false"/>
                                <line number="33" hits="1" branch="false"/>
                                <line number="27" hits="1" branch="false"/>
                                <line number="30" hits="1" branch="false"/>
                                <line number="32" hits="1" branch="false"/>
                                <line number="29" hits="1" branch="false"/>
                                <line number="33" hits="1" branch="false"/>
                                <line number="32" hits="1" branch="false"/>
                                <line number="29" hits="1" branch="false"/>
                                <line number="30" hits="1" branch="false"/>
                                <line number="30" hits="1" branch="false"/>
                                <line number="27" hits="1" branch="false"/>
                                <line number="29" hits="1" branch="false"/>
                                <line number="33" hits="1" branch="false"/>
                                <line number="33" hits="1" branch="false"/>
                                <line number="27" hits="1" branch="false"/>
                                <line number="30" hits="1" branch="false"/>
                                <line number="30" hits="1" branch="false"/>
                                <line number="30" hits="1" branch="false"/>
                                <line number="30" hits="1" branch="false"/>
                                <line number="33" hits="1" branch="false"/>
                                <line number="27" hits="1" branch="false"/>
                                <line number="33" hits="1" branch="false"/>
                                <line number="30" hits="1" branch="false"/>
                                <line number="29" hits="1" branch="false"/>
                                <line number="33" hits="1" branch="false"/>
                                <line number="25" hits="1" branch="false"/>
                                <line number="30" hits="1" branch="false"/>
                                <line number="33" hits="1" branch="false"/>
                                <line number="29" hits="1" branch="false"/>
                            </lines>
</method>
                        <method 
                        name="org.alexguldemond.pdenetwork/SimpleNetwork/inputDerivative" signature="()V" line-rate="1.00" branch-rate="1.00" complexity="0">
                            <lines>
                                <line number="46" hits="1" branch="false"/>
                            </lines>
</method>
                        <method 
                        name="org.alexguldemond.pdenetwork/SimpleNetwork/applyBatch" signature="()V" line-rate="1.00" branch-rate="1.00" complexity="0">
                            <lines>
                                <line number="12" hits="1" branch="false"/>
                                <line number="12" hits="1" branch="false"/>
                                <line number="12" hits="1" branch="false"/>
                                <line number="12" hits="1" branch="false"/>
                                <line number="12" hits="1" branch="false"/>
                                <line number="12" hits="1" branch="false"/>
                                <line number="12" hits="1" branch="false"/>
                                <line number="12" hits="1" branch="false"/>
                                <line number="12" hits="1" branch="false"/>
                                <line number="12" hits="1" branch="false"/>
                                <line number="12" hits="1" branch="false"/>
                            </lines>
</method>
                        <method 
                        name="org.alexguldemond.pdenetwork/SimpleNetwork/apply" signature="()V" line-rate="1.00" branch-rate="1.00" complexity="0">
                            <lines>
                                <line number="9" hits="1" branch="false"/>
                                <line number="9" hits="1" branch="false"/>
                                <line number="9" hits="1" branch="false"/>
                                <line number="9" hits="1" branch="false"/>
                                <line number="9" hits="1" branch="false"/>
                                <line number="9" hits="1" branch="false"/>
                                <line number="9" hits="1" branch="false"/>
                                <line number="9" hits="1" branch="false"/>
                            </lines>
</method>
                        <method 
                        name="org.alexguldemond.pdenetwork/SimpleNetwork/hiddenPreOutput" signature="()V" line-rate="1.00" branch-rate="1.00" complexity="0">
                            <lines>
                                <line number="39" hits="1" branch="false"/>
                                <line number="39" hits="1" branch="false"/>
                                <line number="39" hits="1" branch="false"/>
                                <line number="39" hits="1" branch="false"/>
                            </lines>
</method>
                        <method 
                        name="org.alexguldemond.pdenetwork/SimpleNetwork/weightGradient" signature="()V" line-rate="1.00" branch-rate="1.00" complexity="0">
                            <lines>
                                <line number="17" hits="1" branch="false"/>
                                <line number="19" hits="1" branch="false"/>
                                <line number="18" hits="1" branch="false"/>
                                <line number="19" hits="1" branch="false"/>
                                <line number="21" hits="1" branch="false"/>
                                <line number="17" hits="1" branch="false"/>
                                <line number="18" hits="1" branch="false"/>
                                <line number="15" hits="1" branch="false"/>
                                <line number="18" hits="1" branch="false"/>
                                <line number="19" hits="1" branch="false"/>
                                <line number="17" hits="1" branch="false"/>
                                <line number="18" hits="1" branch="false"/>
                                <line number="19" hits="1" branch="false"/>
                                <line number="18" hits="1" branch="false"/>
                                <line number="19" hits="1" branch="false"/>
                                <line number="18" hits="1" branch="false"/>
                                <line number="19" hits="1" branch="false"/>
                                <line number="17" hits="1" branch="false"/>
                                <line number="18" hits="1" branch="false"/>
                                <line number="17" hits="1" branch="false"/>
                            </lines>
</method>
                    </methods>
                    <lines>
                        <line number="51" hits="0" branch="false"/>
                        <line number="59" hits="1" branch="false"/>
                        <line number="30" hits="1" branch="false"/>
                        <line number="33" hits="1" branch="false"/>
                        <line number="36" hits="1" branch="false"/>
                        <line number="70" hits="1" branch="false"/>
                        <line number="61" hits="1" branch="false"/>
                        <line number="63" hits="0" branch="false"/>
                        <line number="68" hits="1" branch="false"/>
                        <line number="43" hits="1" branch="false"/>
                        <line number="43" hits="1" branch="false"/>
                        <line number="39" hits="1" branch="false"/>
                        <line number="12" hits="1" branch="false"/>
                        <line number="60" hits="1" branch="false"/>
                        <line number="33" hits="1" branch="false"/>
                        <line number="43" hits="1" branch="false"/>
                        <line number="30" hits="1" branch="false"/>
                        <line number="49" hits="0" branch="false"/>
                        <line number="69" hits="1" branch="false"/>
                        <line number="27" hits="1" branch="false"/>
                        <line number="30" hits="1" branch="false"/>
                        <line number="71" hits="1" branch="false"/>
                        <line number="61" hits="1" branch="false"/>
                        <line number="67" hits="0" branch="false"/>
                        <line number="17" hits="1" branch="false"/>
                        <line number="19" hits="1" branch="false"/>
                        <line number="9" hits="1" branch="false"/>
                        <line number="58" hits="0" branch="false"/>
                        <line number="33" hits="1" branch="false"/>
                        <line number="27" hits="1" branch="false"/>
                        <line number="12" hits="1" branch="false"/>
                        <line number="18" hits="1" branch="false"/>
                        <line number="19" hits="1" branch="false"/>
                        <line number="50" hits="0" branch="false"/>
                        <line number="58" hits="0" branch="false"/>
                        <line number="12" hits="1" branch="false"/>
                        <line number="30" hits="1" branch="false"/>
                        <line number="42" hits="1" branch="false"/>
                        <line number="43" hits="1" branch="false"/>
                        <line number="32" hits="1" branch="false"/>
                        <line number="21" hits="1" branch="false"/>
                        <line number="29" hits="1" branch="false"/>
                        <line number="17" hits="1" branch="false"/>
                        <line number="18" hits="1" branch="false"/>
                        <line number="9" hits="1" branch="false"/>
                        <line number="12" hits="1" branch="false"/>
                        <line number="70" hits="1" branch="false"/>
                        <line number="69" hits="1" branch="false"/>
                        <line number="71" hits="1" branch="false"/>
                        <line number="58" hits="0" branch="false"/>
                        <line number="60" hits="1" branch="false"/>
                        <line number="43" hits="1" branch="false"/>
                        <line number="50" hits="0" branch="false"/>
                        <line number="42" hits="1" branch="false"/>
                        <line number="67" hits="0" branch="false"/>
                        <line number="69" hits="1" branch="false"/>
                        <line number="62" hits="1" branch="false"/>
                        <line number="61" hits="1" branch="false"/>
                        <line number="70" hits="1" branch="false"/>
                        <line number="68" hits="1" branch="false"/>
                        <line number="15" hits="1" branch="false"/>
                        <line number="33" hits="1" branch="false"/>
                        <line number="43" hits="1" branch="false"/>
                        <line number="51" hits="0" branch="false"/>
                        <line number="32" hits="1" branch="false"/>
                        <line number="29" hits="1" branch="false"/>
                        <line number="30" hits="1" branch="false"/>
                        <line number="43" hits="1" branch="false"/>
                        <line number="72" hits="0" branch="false"/>
                        <line number="62" hits="1" branch="false"/>
                        <line number="18" hits="1" branch="false"/>
                        <line number="19" hits="1" branch="false"/>
                        <line number="59" hits="1" branch="false"/>
                        <line number="39" hits="1" branch="false"/>
                        <line number="17" hits="1" branch="false"/>
                        <line number="30" hits="1" branch="false"/>
                        <line number="18" hits="1" branch="false"/>
                        <line number="27" hits="1" branch="false"/>
                        <line number="12" hits="1" branch="false"/>
                        <line number="58" hits="0" branch="false"/>
                        <line number="29" hits="1" branch="false"/>
                        <line number="67" hits="0" branch="false"/>
                        <line number="9" hits="1" branch="false"/>
                        <line number="59" hits="1" branch="false"/>
                        <line number="43" hits="1" branch="false"/>
                        <line number="61" hits="1" branch="false"/>
                        <line number="49" hits="0" branch="false"/>
                        <line number="33" hits="1" branch="false"/>
                        <line number="19" hits="1" branch="false"/>
                        <line number="33" hits="1" branch="false"/>
                        <line number="27" hits="1" branch="false"/>
                        <line number="30" hits="1" branch="false"/>
                        <line number="30" hits="1" branch="false"/>
                        <line number="9" hits="1" branch="false"/>
                        <line number="12" hits="1" branch="false"/>
                        <line number="18" hits="1" branch="false"/>
                        <line number="71" hits="1" branch="false"/>
                        <line number="9" hits="1" branch="false"/>
                        <line number="12" hits="1" branch="false"/>
                        <line number="68" hits="1" branch="false"/>
                        <line number="59" hits="1" branch="false"/>
                        <line number="70" hits="1" branch="false"/>
                        <line number="61" hits="1" branch="false"/>
                        <line number="46" hits="1" branch="false"/>
                        <line number="51" hits="0" branch="false"/>
                        <line number="67" hits="0" branch="false"/>
                        <line number="30" hits="1" branch="false"/>
                        <line number="30" hits="1" branch="false"/>
                        <line number="67" hits="0" branch="false"/>
                        <line number="33" hits="1" branch="false"/>
                        <line number="69" hits="1" branch="false"/>
                        <line number="71" hits="1" branch="false"/>
                        <line number="60" hits="1" branch="false"/>
                        <line number="62" hits="1" branch="false"/>
                        <line number="49" hits="0" branch="false"/>
                        <line number="58" hits="0" branch="false"/>
                        <line number="39" hits="1" branch="false"/>
                        <line number="43" hits="1" branch="false"/>
                        <line number="19" hits="1" branch="false"/>
                        <line number="27" hits="1" branch="false"/>
                        <line number="59" hits="1" branch="false"/>
                        <line number="43" hits="1" branch="false"/>
                        <line number="33" hits="1" branch="false"/>
                        <line number="70" hits="1" branch="false"/>
                        <line number="12" hits="1" branch="false"/>
                        <line number="18" hits="1" branch="false"/>
                        <line number="50" hits="0" branch="false"/>
                        <line number="30" hits="1" branch="false"/>
                        <line number="68" hits="1" branch="false"/>
                        <line number="19" hits="1" branch="false"/>
                        <line number="12" hits="1" branch="false"/>
                        <line number="29" hits="1" branch="false"/>
                        <line number="60" hits="1" branch="false"/>
                        <line number="43" hits="1" branch="false"/>
                        <line number="62" hits="1" branch="false"/>
                        <line number="9" hits="1" branch="false"/>
                        <line number="33" hits="1" branch="false"/>
                        <line number="25" hits="1" branch="false"/>
                        <line number="12" hits="1" branch="false"/>
                        <line number="17" hits="1" branch="false"/>
                        <line number="30" hits="1" branch="false"/>
                        <line number="33" hits="1" branch="false"/>
                        <line number="29" hits="1" branch="false"/>
                        <line number="9" hits="1" branch="false"/>
                        <line number="39" hits="1" branch="false"/>
                        <line number="43" hits="1" branch="false"/>
                        <line number="18" hits="1" branch="false"/>
                        <line number="12" hits="1" branch="false"/>
                        <line number="17" hits="1" branch="false"/>
                        <line number="9" hits="1" branch="false"/>
                        <line number="69" hits="1" branch="false"/>
                        <line number="71" hits="1" branch="false"/>
                        <line number="68" hits="1" branch="false"/>
                        <line number="60" hits="1" branch="false"/>
                        <line number="62" hits="1" branch="false"/>
                    </lines>
</class>
                <class 
                name="org.alexguldemond.pdenetwork.WeightGradient" filename="org/alexguldemond/pdenetwork/WeightGradient.scala" line-rate="0.54" branch-rate="1.00" complexity="0">
                    <methods>
                        <method 
                        name="org.alexguldemond.pdenetwork/WeightGradient/:/=" signature="()V" line-rate="0.00" branch-rate="0.00" complexity="0">
                            <lines>
                                <line number="25" hits="0" branch="false"/>
                                <line number="23" hits="0" branch="false"/>
                                <line number="24" hits="0" branch="false"/>
                                <line number="24" hits="0" branch="false"/>
                                <line number="25" hits="0" branch="false"/>
                                <line number="23" hits="0" branch="false"/>
                            </lines>
</method>
                        <method 
                        name="org.alexguldemond.pdenetwork/WeightGradient//" signature="()V" line-rate="0.00" branch-rate="0.00" complexity="0">
                            <lines>
                                <line number="20" hits="0" branch="false"/>
                                <line number="20" hits="0" branch="false"/>
                                <line number="19" hits="0" branch="false"/>
                                <line number="19" hits="0" branch="false"/>
                                <line number="20" hits="0" branch="false"/>
                                <line number="19" hits="0" branch="false"/>
                                <line number="20" hits="0" branch="false"/>
                            </lines>
</method>
                        <method 
                        name="org.alexguldemond.pdenetwork/WeightGradient/:+=" signature="()V" line-rate="0.00" branch-rate="0.00" complexity="0">
                            <lines>
                                <line number="37" hits="0" branch="false"/>
                                <line number="36" hits="0" branch="false"/>
                                <line number="37" hits="0" branch="false"/>
                                <line number="35" hits="0" branch="false"/>
                                <line number="36" hits="0" branch="false"/>
                                <line number="37" hits="0" branch="false"/>
                                <line number="35" hits="0" branch="false"/>
                                <line number="35" hits="0" branch="false"/>
                                <line number="36" hits="0" branch="false"/>
                            </lines>
</method>
                        <method 
                        name="org.alexguldemond.pdenetwork/WeightGradient/*" signature="()V" line-rate="1.00" branch-rate="1.00" complexity="0">
                            <lines>
                                <line number="9" hits="1" branch="false"/>
                                <line number="9" hits="1" branch="false"/>
                                <line number="10" hits="1" branch="false"/>
                                <line number="9" hits="1" branch="false"/>
                                <line number="10" hits="1" branch="false"/>
                                <line number="10" hits="1" branch="false"/>
                                <line number="10" hits="1" branch="false"/>
                                <line number="9" hits="1" branch="false"/>
                                <line number="10" hits="1" branch="false"/>
                                <line number="10" hits="1" branch="false"/>
                            </lines>
</method>
                        <method 
                        name="org.alexguldemond.pdenetwork/WeightGradient/:*=" signature="()V" line-rate="1.00" branch-rate="1.00" complexity="0">
                            <lines>
                                <line number="14" hits="1" branch="false"/>
                                <line number="13" hits="1" branch="false"/>
                                <line number="15" hits="1" branch="false"/>
                                <line number="13" hits="1" branch="false"/>
                                <line number="14" hits="1" branch="false"/>
                                <line number="15" hits="1" branch="false"/>
                            </lines>
</method>
                        <method 
                        name="org.alexguldemond.pdenetwork/WeightGradient/+" signature="()V" line-rate="1.00" branch-rate="1.00" complexity="0">
                            <lines>
                                <line number="32" hits="1" branch="false"/>
                                <line number="30" hits="1" branch="false"/>
                                <line number="30" hits="1" branch="false"/>
                                <line number="31" hits="1" branch="false"/>
                                <line number="32" hits="1" branch="false"/>
                                <line number="31" hits="1" branch="false"/>
                                <line number="32" hits="1" branch="false"/>
                                <line number="30" hits="1" branch="false"/>
                                <line number="30" hits="1" branch="false"/>
                                <line number="31" hits="1" branch="false"/>
                            </lines>
</method>
                    </methods>
                    <lines>
                        <line number="37" hits="0" branch="false"/>
                        <line number="25" hits="0" branch="false"/>
                        <line number="32" hits="1" branch="false"/>
                        <line number="9" hits="1" branch="false"/>
                        <line number="20" hits="0" branch="false"/>
                        <line number="9" hits="1" branch="false"/>
                        <line number="14" hits="1" branch="false"/>
                        <line number="10" hits="1" branch="false"/>
                        <line number="36" hits="0" branch="false"/>
                        <line number="13" hits="1" branch="false"/>
                        <line number="30" hits="1" branch="false"/>
                        <line number="37" hits="0" branch="false"/>
                        <line number="9" hits="1" branch="false"/>
                        <line number="30" hits="1" branch="false"/>
                        <line number="20" hits="0" branch="false"/>
                        <line number="10" hits="1" branch="false"/>
                        <line number="31" hits="1" branch="false"/>
                        <line number="35" hits="0" branch="false"/>
                        <line number="15" hits="1" branch="false"/>
                        <line number="23" hits="0" branch="false"/>
                        <line number="32" hits="1" branch="false"/>
                        <line number="19" hits="0" branch="false"/>
                        <line number="24" hits="0" branch="false"/>
                        <line number="10" hits="1" branch="false"/>
                        <line number="36" hits="0" branch="false"/>
                        <line number="31" hits="1" branch="false"/>
                        <line number="24" hits="0" branch="false"/>
                        <line number="10" hits="1" branch="false"/>
                        <line number="19" hits="0" branch="false"/>
                        <line number="9" hits="1" branch="false"/>
                        <line number="13" hits="1" branch="false"/>
                        <line number="20" hits="0" branch="false"/>
                        <line number="25" hits="0" branch="false"/>
                        <line number="32" hits="1" branch="false"/>
                        <line number="37" hits="0" branch="false"/>
                        <line number="35" hits="0" branch="false"/>
                        <line number="30" hits="1" branch="false"/>
                        <line number="19" hits="0" branch="false"/>
                        <line number="10" hits="1" branch="false"/>
                        <line number="14" hits="1" branch="false"/>
                        <line number="35" hits="0" branch="false"/>
                        <line number="30" hits="1" branch="false"/>
                        <line number="20" hits="0" branch="false"/>
                        <line number="31" hits="1" branch="false"/>
                        <line number="10" hits="1" branch="false"/>
                        <line number="36" hits="0" branch="false"/>
                        <line number="15" hits="1" branch="false"/>
                        <line number="23" hits="0" branch="false"/>
                    </lines>
</class>
                <class 
                name="org.alexguldemond.pdenetwork.SigmoidDerivatives.sigmoidThirdDerivative.sigmoidImplDouble" filename="org/alexguldemond/pdenetwork/Sigmoid.scala" line-rate="1.00" branch-rate="1.00" complexity="0">
                    <methods>
                        <method 
                        name="org.alexguldemond.pdenetwork/sigmoidImplDouble/apply" signature="()V" line-rate="1.00" branch-rate="1.00" complexity="0">
                            <lines>
                                <line number="30" hits="1" branch="false"/>
                                <line number="30" hits="1" branch="false"/>
                                <line number="29" hits="1" branch="false"/>
                                <line number="30" hits="1" branch="false"/>
                                <line number="30" hits="1" branch="false"/>
                                <line number="30" hits="1" branch="false"/>
                                <line number="29" hits="1" branch="false"/>
                                <line number="30" hits="1" branch="false"/>
                            </lines>
</method>
                    </methods>
                    <lines>
                        <line number="30" hits="1" branch="false"/>
                        <line number="30" hits="1" branch="false"/>
                        <line number="29" hits="1" branch="false"/>
                        <line number="30" hits="1" branch="false"/>
                        <line number="30" hits="1" branch="false"/>
                        <line number="30" hits="1" branch="false"/>
                        <line number="29" hits="1" branch="false"/>
                        <line number="30" hits="1" branch="false"/>
                    </lines>
</class>
                <class 
                name="org.alexguldemond.pdenetwork.WeightGradientBatch" filename="org/alexguldemond/pdenetwork/WeightGradientBatch.scala" line-rate="0.58" branch-rate="1.00" complexity="0">
                    <methods>
                        <method 
                        name="org.alexguldemond.pdenetwork/WeightGradientBatch/prod" signature="()V" line-rate="0.00" branch-rate="0.00" complexity="0">
                            <lines>
                                <line number="41" hits="0" branch="false"/>
                                <line number="41" hits="0" branch="false"/>
                                <line number="41" hits="0" branch="false"/>
                                <line number="41" hits="0" branch="false"/>
                                <line number="41" hits="0" branch="false"/>
                                <line number="41" hits="0" branch="false"/>
                                <line number="41" hits="0" branch="false"/>
                                <line number="41" hits="0" branch="false"/>
                                <line number="41" hits="0" branch="false"/>
                            </lines>
</method>
                        <method 
                        name="org.alexguldemond.pdenetwork/WeightGradientBatch/length" signature="()V" line-rate="0.00" branch-rate="0.00" complexity="0">
                            <lines>
                                <line number="9" hits="0" branch="false"/>
                            </lines>
</method>
                        <method 
                        name="org.alexguldemond.pdenetwork/WeightGradientBatch/dotSum" signature="()V" line-rate="0.00" branch-rate="0.00" complexity="0">
                            <lines>
                                <line number="16" hits="0" branch="false"/>
                                <line number="15" hits="0" branch="false"/>
                                <line number="19" hits="0" branch="false"/>
                                <line number="15" hits="0" branch="false"/>
                                <line number="16" hits="0" branch="false"/>
                                <line number="16" hits="0" branch="false"/>
                                <line number="22" hits="0" branch="false"/>
                                <line number="15" hits="0" branch="false"/>
                                <line number="19" hits="0" branch="false"/>
                                <line number="22" hits="0" branch="false"/>
                                <line number="15" hits="0" branch="false"/>
                                <line number="16" hits="0" branch="false"/>
                                <line number="22" hits="0" branch="false"/>
                                <line number="16" hits="0" branch="false"/>
                                <line number="16" hits="0" branch="false"/>
                                <line number="15" hits="0" branch="false"/>
                                <line number="16" hits="0" branch="false"/>
                                <line number="19" hits="0" branch="false"/>
                                <line number="25" hits="0" branch="false"/>
                                <line number="15" hits="0" branch="false"/>
                                <line number="19" hits="0" branch="false"/>
                                <line number="15" hits="0" branch="false"/>
                                <line number="16" hits="0" branch="false"/>
                                <line number="19" hits="0" branch="false"/>
                                <line number="22" hits="0" branch="false"/>
                                <line number="15" hits="0" branch="false"/>
                                <line number="16" hits="0" branch="false"/>
                                <line number="15" hits="0" branch="false"/>
                                <line number="21" hits="0" branch="false"/>
                                <line number="16" hits="0" branch="false"/>
                                <line number="19" hits="0" branch="false"/>
                                <line number="15" hits="0" branch="false"/>
                            </lines>
</method>
                        <method 
                        name="org.alexguldemond.pdenetwork/WeightGradientBatch/apply" signature="()V" line-rate="1.00" branch-rate="1.00" complexity="0">
                            <lines>
                                <line number="11" hits="1" branch="false"/>
                                <line number="11" hits="1" branch="false"/>
                                <line number="11" hits="1" branch="false"/>
                                <line number="11" hits="1" branch="false"/>
                                <line number="11" hits="1" branch="false"/>
                                <line number="11" hits="1" branch="false"/>
                                <line number="11" hits="1" branch="false"/>
                                <line number="11" hits="1" branch="false"/>
                            </lines>
</method>
                        <method 
                        name="org.alexguldemond.pdenetwork/WeightGradientBatch/sum" signature="()V" line-rate="1.00" branch-rate="1.00" complexity="0">
                            <lines>
                                <line number="55" hits="1" branch="false"/>
                                <line number="51" hits="1" branch="false"/>
                                <line number="51" hits="1" branch="false"/>
                                <line number="54" hits="1" branch="false"/>
                                <line number="54" hits="1" branch="false"/>
                                <line number="55" hits="1" branch="false"/>
                                <line number="51" hits="1" branch="false"/>
                                <line number="52" hits="1" branch="false"/>
                                <line number="51" hits="1" branch="false"/>
                                <line number="52" hits="1" branch="false"/>
                                <line number="55" hits="1" branch="false"/>
                                <line number="51" hits="1" branch="false"/>
                                <line number="51" hits="1" branch="false"/>
                                <line number="54" hits="1" branch="false"/>
                            </lines>
</method>
                        <method 
                        name="org.alexguldemond.pdenetwork/WeightGradientBatch/inPlaceSum" signature="()V" line-rate="1.00" branch-rate="1.00" complexity="0">
                            <lines>
                                <line number="63" hits="1" branch="false"/>
                                <line number="64" hits="1" branch="false"/>
                                <line number="59" hits="1" branch="false"/>
                                <line number="60" hits="1" branch="false"/>
                                <line number="64" hits="1" branch="false"/>
                                <line number="59" hits="1" branch="false"/>
                                <line number="59" hits="1" branch="false"/>
                                <line number="63" hits="1" branch="false"/>
                                <line number="63" hits="1" branch="false"/>
                                <line number="59" hits="1" branch="false"/>
                                <line number="64" hits="1" branch="false"/>
                                <line number="60" hits="1" branch="false"/>
                            </lines>
</method>
                        <method 
                        name="org.alexguldemond.pdenetwork/WeightGradientBatch/elemProd" signature="()V" line-rate="1.00" branch-rate="1.00" complexity="0">
                            <lines>
                                <line number="30" hits="1" branch="false"/>
                                <line number="32" hits="1" branch="false"/>
                                <line number="29" hits="1" branch="false"/>
                                <line number="32" hits="1" branch="false"/>
                                <line number="30" hits="1" branch="false"/>
                                <line number="29" hits="1" branch="false"/>
                                <line number="38" hits="1" branch="false"/>
                                <line number="30" hits="1" branch="false"/>
                                <line number="30" hits="1" branch="false"/>
                                <line number="29" hits="1" branch="false"/>
                                <line number="29" hits="1" branch="false"/>
                                <line number="35" hits="1" branch="false"/>
                                <line number="38" hits="1" branch="false"/>
                                <line number="30" hits="1" branch="false"/>
                                <line number="32" hits="1" branch="false"/>
                                <line number="29" hits="1" branch="false"/>
                                <line number="30" hits="1" branch="false"/>
                                <line number="33" hits="1" branch="false"/>
                                <line number="29" hits="1" branch="false"/>
                                <line number="30" hits="1" branch="false"/>
                                <line number="29" hits="1" branch="false"/>
                                <line number="30" hits="1" branch="false"/>
                                <line number="29" hits="1" branch="false"/>
                                <line number="30" hits="1" branch="false"/>
                                <line number="32" hits="1" branch="false"/>
                                <line number="29" hits="1" branch="false"/>
                                <line number="38" hits="1" branch="false"/>
                                <line number="32" hits="1" branch="false"/>
                                <line number="29" hits="1" branch="false"/>
                                <line number="30" hits="1" branch="false"/>
                                <line number="33" hits="1" branch="false"/>
                                <line number="29" hits="1" branch="false"/>
                                <line number="30" hits="1" branch="false"/>
                            </lines>
</method>
                        <method 
                        name="org.alexguldemond.pdenetwork/WeightGradientBatch/inPlaceProd" signature="()V" line-rate="0.00" branch-rate="0.00" complexity="0">
                            <lines>
                                <line number="44" hits="0" branch="false"/>
                                <line number="45" hits="0" branch="false"/>
                                <line number="46" hits="0" branch="false"/>
                                <line number="46" hits="0" branch="false"/>
                                <line number="44" hits="0" branch="false"/>
                                <line number="45" hits="0" branch="false"/>
                                <line number="44" hits="0" branch="false"/>
                            </lines>
</method>
                    </methods>
                    <lines>
                        <line number="16" hits="0" branch="false"/>
                        <line number="11" hits="1" branch="false"/>
                        <line number="15" hits="0" branch="false"/>
                        <line number="41" hits="0" branch="false"/>
                        <line number="44" hits="0" branch="false"/>
                        <line number="63" hits="1" branch="false"/>
                        <line number="55" hits="1" branch="false"/>
                        <line number="30" hits="1" branch="false"/>
                        <line number="32" hits="1" branch="false"/>
                        <line number="51" hits="1" branch="false"/>
                        <line number="29" hits="1" branch="false"/>
                        <line number="32" hits="1" branch="false"/>
                        <line number="41" hits="0" branch="false"/>
                        <line number="30" hits="1" branch="false"/>
                        <line number="19" hits="0" branch="false"/>
                        <line number="64" hits="1" branch="false"/>
                        <line number="11" hits="1" branch="false"/>
                        <line number="15" hits="0" branch="false"/>
                        <line number="16" hits="0" branch="false"/>
                        <line number="45" hits="0" branch="false"/>
                        <line number="51" hits="1" branch="false"/>
                        <line number="59" hits="1" branch="false"/>
                        <line number="29" hits="1" branch="false"/>
                        <line number="38" hits="1" branch="false"/>
                        <line number="41" hits="0" branch="false"/>
                        <line number="16" hits="0" branch="false"/>
                        <line number="60" hits="1" branch="false"/>
                        <line number="54" hits="1" branch="false"/>
                        <line number="30" hits="1" branch="false"/>
                        <line number="30" hits="1" branch="false"/>
                        <line number="11" hits="1" branch="false"/>
                        <line number="22" hits="0" branch="false"/>
                        <line number="29" hits="1" branch="false"/>
                        <line number="15" hits="0" branch="false"/>
                        <line number="46" hits="0" branch="false"/>
                        <line number="19" hits="0" branch="false"/>
                        <line number="22" hits="0" branch="false"/>
                        <line number="15" hits="0" branch="false"/>
                        <line number="16" hits="0" branch="false"/>
                        <line number="11" hits="1" branch="false"/>
                        <line number="29" hits="1" branch="false"/>
                        <line number="41" hits="0" branch="false"/>
                        <line number="46" hits="0" branch="false"/>
                        <line number="35" hits="1" branch="false"/>
                        <line number="64" hits="1" branch="false"/>
                        <line number="59" hits="1" branch="false"/>
                        <line number="54" hits="1" branch="false"/>
                        <line number="38" hits="1" branch="false"/>
                        <line number="59" hits="1" branch="false"/>
                        <line number="41" hits="0" branch="false"/>
                        <line number="30" hits="1" branch="false"/>
                        <line number="32" hits="1" branch="false"/>
                        <line number="22" hits="0" branch="false"/>
                        <line number="29" hits="1" branch="false"/>
                        <line number="16" hits="0" branch="false"/>
                        <line number="16" hits="0" branch="false"/>
                        <line number="55" hits="1" branch="false"/>
                        <line number="15" hits="0" branch="false"/>
                        <line number="51" hits="1" branch="false"/>
                        <line number="11" hits="1" branch="false"/>
                        <line number="41" hits="0" branch="false"/>
                        <line number="16" hits="0" branch="false"/>
                        <line number="52" hits="1" branch="false"/>
                        <line number="51" hits="1" branch="false"/>
                        <line number="63" hits="1" branch="false"/>
                        <line number="44" hits="0" branch="false"/>
                        <line number="30" hits="1" branch="false"/>
                        <line number="33" hits="1" branch="false"/>
                        <line number="19" hits="0" branch="false"/>
                        <line number="25" hits="0" branch="false"/>
                        <line number="15" hits="0" branch="false"/>
                        <line number="29" hits="1" branch="false"/>
                        <line number="30" hits="1" branch="false"/>
                        <line number="19" hits="0" branch="false"/>
                        <line number="29" hits="1" branch="false"/>
                        <line number="15" hits="0" branch="false"/>
                        <line number="16" hits="0" branch="false"/>
                        <line number="11" hits="1" branch="false"/>
                        <line number="30" hits="1" branch="false"/>
                        <line number="11" hits="1" branch="false"/>
                        <line number="63" hits="1" branch="false"/>
                        <line number="52" hits="1" branch="false"/>
                        <line number="55" hits="1" branch="false"/>
                        <line number="29" hits="1" branch="false"/>
                        <line number="19" hits="0" branch="false"/>
                        <line number="59" hits="1" branch="false"/>
                        <line number="45" hits="0" branch="false"/>
                        <line number="64" hits="1" branch="false"/>
                        <line number="30" hits="1" branch="false"/>
                        <line number="51" hits="1" branch="false"/>
                        <line number="32" hits="1" branch="false"/>
                        <line number="41" hits="0" branch="false"/>
                        <line number="29" hits="1" branch="false"/>
                        <line number="9" hits="0" branch="false"/>
                        <line number="22" hits="0" branch="false"/>
                        <line number="38" hits="1" branch="false"/>
                        <line number="15" hits="0" branch="false"/>
                        <line number="16" hits="0" branch="false"/>
                        <line number="60" hits="1" branch="false"/>
                        <line number="15" hits="0" branch="false"/>
                        <line number="41" hits="0" branch="false"/>
                        <line number="51" hits="1" branch="false"/>
                        <line number="32" hits="1" branch="false"/>
                        <line number="54" hits="1" branch="false"/>
                        <line number="29" hits="1" branch="false"/>
                        <line number="30" hits="1" branch="false"/>
                        <line number="21" hits="0" branch="false"/>
                        <line number="33" hits="1" branch="false"/>
                        <line number="41" hits="0" branch="false"/>
                        <line number="16" hits="0" branch="false"/>
                        <line number="19" hits="0" branch="false"/>
                        <line number="29" hits="1" branch="false"/>
                        <line number="30" hits="1" branch="false"/>
                        <line number="11" hits="1" branch="false"/>
                        <line number="15" hits="0" branch="false"/>
                        <line number="44" hits="0" branch="false"/>
                    </lines>
</class>
                <class 
                name="org.alexguldemond.pdenetwork.Model" filename="org/alexguldemond/pdenetwork/Model.scala" line-rate="0.00" branch-rate="0.00" complexity="0">
                    <methods>
                        <method 
                        name="org.alexguldemond.pdenetwork/Model/averageCost" signature="()V" line-rate="0.00" branch-rate="0.00" complexity="0">
                            <lines>
                                <line number="11" hits="0" branch="false"/>
                                <line number="11" hits="0" branch="false"/>
                            </lines>
</method>
                    </methods>
                    <lines>
                        <line number="11" hits="0" branch="false"/>
                        <line number="11" hits="0" branch="false"/>
                    </lines>
</class>
                <class 
                name="org.alexguldemond.pdenetwork.SigmoidDerivatives.sigmoidSecondDerivative.sigmoidImplDouble" filename="org/alexguldemond/pdenetwork/Sigmoid.scala" line-rate="1.00" branch-rate="1.00" complexity="0">
                    <methods>
                        <method 
                        name="org.alexguldemond.pdenetwork/sigmoidImplDouble/apply" signature="()V" line-rate="1.00" branch-rate="1.00" complexity="0">
                            <lines>
                                <line number="21" hits="1" branch="false"/>
                                <line number="20" hits="1" branch="false"/>
                                <line number="20" hits="1" branch="false"/>
                                <line number="21" hits="1" branch="false"/>
                                <line number="21" hits="1" branch="false"/>
                                <line number="21" hits="1" branch="false"/>
                                <line number="21" hits="1" branch="false"/>
                            </lines>
</method>
                    </methods>
                    <lines>
                        <line number="21" hits="1" branch="false"/>
                        <line number="20" hits="1" branch="false"/>
                        <line number="20" hits="1" branch="false"/>
                        <line number="21" hits="1" branch="false"/>
                        <line number="21" hits="1" branch="false"/>
                        <line number="21" hits="1" branch="false"/>
                        <line number="21" hits="1" branch="false"/>
                    </lines>
</class>
                <class 
                name="org.alexguldemond.pdenetwork.SigmoidDerivatives.sigmoidFourthDerivative.sigmoidImplDouble" filename="org/alexguldemond/pdenetwork/Sigmoid.scala" line-rate="1.00" branch-rate="1.00" complexity="0">
                    <methods>
                        <method 
                        name="org.alexguldemond.pdenetwork/sigmoidImplDouble/apply" signature="()V" line-rate="1.00" branch-rate="1.00" complexity="0">
                            <lines>
                                <line number="39" hits="1" branch="false"/>
                                <line number="39" hits="1" branch="false"/>
                                <line number="38" hits="1" branch="false"/>
                                <line number="39" hits="1" branch="false"/>
                                <line number="39" hits="1" branch="false"/>
                                <line number="39" hits="1" branch="false"/>
                                <line number="39" hits="1" branch="false"/>
                                <line number="38" hits="1" branch="false"/>
                                <line number="39" hits="1" branch="false"/>
                                <line number="39" hits="1" branch="false"/>
                                <line number="39" hits="1" branch="false"/>
                                <line number="39" hits="1" branch="false"/>
                            </lines>
</method>
                    </methods>
                    <lines>
                        <line number="39" hits="1" branch="false"/>
                        <line number="39" hits="1" branch="false"/>
                        <line number="38" hits="1" branch="false"/>
                        <line number="39" hits="1" branch="false"/>
                        <line number="39" hits="1" branch="false"/>
                        <line number="39" hits="1" branch="false"/>
                        <line number="39" hits="1" branch="false"/>
                        <line number="38" hits="1" branch="false"/>
                        <line number="39" hits="1" branch="false"/>
                        <line number="39" hits="1" branch="false"/>
                        <line number="39" hits="1" branch="false"/>
                        <line number="39" hits="1" branch="false"/>
                    </lines>
</class>
                <class 
                name="org.alexguldemond.pdenetwork.MultiIndex" filename="org/alexguldemond/pdenetwork/MultiIndex.scala" line-rate="0.67" branch-rate="1.00" complexity="0">
                    <methods>
                        <method 
                        name="org.alexguldemond.pdenetwork/MultiIndex/dim" signature="()V" line-rate="0.00" branch-rate="0.00" complexity="0">
                            <lines>
                                <line number="7" hits="0" branch="false"/>
                            </lines>
</method>
                        <method 
                        name="org.alexguldemond.pdenetwork/MultiIndex/apply" signature="()V" line-rate="0.00" branch-rate="0.00" complexity="0">
                            <lines>
                                <line number="11" hits="0" branch="false"/>
                            </lines>
</method>
                        <method 
                        name="org.alexguldemond.pdenetwork/MultiIndex/asVector" signature="()V" line-rate="1.00" branch-rate="1.00" complexity="0">
                            <lines>
                                <line number="13" hits="1" branch="false"/>
                                <line number="13" hits="1" branch="false"/>
                                <line number="13" hits="1" branch="false"/>
                                <line number="13" hits="1" branch="false"/>
                            </lines>
</method>
                    </methods>
                    <lines>
                        <line number="13" hits="1" branch="false"/>
                        <line number="13" hits="1" branch="false"/>
                        <line number="11" hits="0" branch="false"/>
                        <line number="13" hits="1" branch="false"/>
                        <line number="7" hits="0" branch="false"/>
                        <line number="13" hits="1" branch="false"/>
                    </lines>
</class>
                <class 
                name="org.alexguldemond.pdenetwork.SimpleDerivative" filename="org/alexguldemond/pdenetwork/SimpleDerivative.scala" line-rate="1.00" branch-rate="1.00" complexity="0">
                    <methods>
                        <method 
                        name="org.alexguldemond.pdenetwork/SimpleDerivative/&lt;none&gt;" signature="()V" line-rate="1.00" branch-rate="1.00" complexity="0">
                            <lines>
                                <line number="15" hits="1" branch="false"/>
                                <line number="23" hits="1" branch="false"/>
                                <line number="8" hits="1" branch="false"/>
                                <line number="19" hits="1" branch="false"/>
                                <line number="23" hits="1" branch="false"/>
                                <line number="10" hits="1" branch="false"/>
                                <line number="21" hits="1" branch="false"/>
                                <line number="15" hits="1" branch="false"/>
                                <line number="21" hits="1" branch="false"/>
                                <line number="16" hits="1" branch="false"/>
                                <line number="23" hits="1" branch="false"/>
                                <line number="8" hits="1" branch="false"/>
                                <line number="15" hits="1" branch="false"/>
                                <line number="10" hits="1" branch="false"/>
                                <line number="18" hits="1" branch="false"/>
                                <line number="23" hits="1" branch="false"/>
                                <line number="23" hits="1" branch="false"/>
                                <line number="23" hits="1" branch="false"/>
                                <line number="10" hits="1" branch="false"/>
                                <line number="19" hits="1" branch="false"/>
                                <line number="15" hits="1" branch="false"/>
                                <line number="18" hits="1" branch="false"/>
                                <line number="8" hits="1" branch="false"/>
                                <line number="17" hits="1" branch="false"/>
                            </lines>
</method>
                        <method 
                        name="org.alexguldemond.pdenetwork/SimpleDerivative/W" signature="()V" line-rate="1.00" branch-rate="1.00" complexity="0">
                            <lines>
                                <line number="12" hits="1" branch="false"/>
                            </lines>
</method>
                        <method 
                        name="org.alexguldemond.pdenetwork/SimpleDerivative/matrixVectorPowerProduct" signature="()V" line-rate="1.00" branch-rate="1.00" complexity="0">
                            <lines>
                                <line number="78" hits="1" branch="false"/>
                                <line number="77" hits="1" branch="false"/>
                                <line number="78" hits="1" branch="false"/>
                                <line number="77" hits="1" branch="false"/>
                                <line number="78" hits="1" branch="false"/>
                                <line number="77" hits="1" branch="false"/>
                                <line number="77" hits="1" branch="false"/>
                                <line number="77" hits="1" branch="false"/>
                                <line number="78" hits="1" branch="false"/>
                                <line number="78" hits="1" branch="false"/>
                                <line number="77" hits="1" branch="false"/>
                                <line number="78" hits="1" branch="false"/>
                                <line number="78" hits="1" branch="false"/>
                                <line number="78" hits="1" branch="false"/>
                                <line number="77" hits="1" branch="false"/>
                                <line number="77" hits="1" branch="false"/>
                                <line number="78" hits="1" branch="false"/>
                                <line number="77" hits="1" branch="false"/>
                                <line number="78" hits="1" branch="false"/>
                                <line number="77" hits="1" branch="false"/>
                                <line number="78" hits="1" branch="false"/>
                                <line number="78" hits="1" branch="false"/>
                                <line number="77" hits="1" branch="false"/>
                            </lines>
</method>
                        <method 
                        name="org.alexguldemond.pdenetwork/SimpleDerivative/weightGradient" signature="()V" line-rate="1.00" branch-rate="1.00" complexity="0">
                            <lines>
                                <line number="44" hits="1" branch="false"/>
                                <line number="46" hits="1" branch="false"/>
                                <line number="40" hits="1" branch="false"/>
                                <line number="44" hits="1" branch="false"/>
                                <line number="37" hits="1" branch="false"/>
                                <line number="44" hits="1" branch="false"/>
                                <line number="40" hits="1" branch="false"/>
                                <line number="44" hits="1" branch="false"/>
                                <line number="44" hits="1" branch="false"/>
                                <line number="44" hits="1" branch="false"/>
                                <line number="40" hits="1" branch="false"/>
                                <line number="44" hits="1" branch="false"/>
                                <line number="44" hits="1" branch="false"/>
                                <line number="44" hits="1" branch="false"/>
                                <line number="35" hits="1" branch="false"/>
                                <line number="44" hits="1" branch="false"/>
                                <line number="39" hits="1" branch="false"/>
                                <line number="44" hits="1" branch="false"/>
                                <line number="44" hits="1" branch="false"/>
                                <line number="44" hits="1" branch="false"/>
                                <line number="39" hits="1" branch="false"/>
                                <line number="44" hits="1" branch="false"/>
                                <line number="44" hits="1" branch="false"/>
                                <line number="40" hits="1" branch="false"/>
                                <line number="42" hits="1" branch="false"/>
                                <line number="44" hits="1" branch="false"/>
                            </lines>
</method>
                        <method 
                        name="org.alexguldemond.pdenetwork/SimpleDerivative/applyBatch" signature="()V" line-rate="1.00" branch-rate="1.00" complexity="0">
                            <lines>
                                <line number="32" hits="1" branch="false"/>
                                <line number="32" hits="1" branch="false"/>
                                <line number="32" hits="1" branch="false"/>
                                <line number="32" hits="1" branch="false"/>
                                <line number="32" hits="1" branch="false"/>
                                <line number="32" hits="1" branch="false"/>
                                <line number="32" hits="1" branch="false"/>
                            </lines>
</method>
                        <method 
                        name="org.alexguldemond.pdenetwork/SimpleDerivative/apply" signature="()V" line-rate="1.00" branch-rate="1.00" complexity="0">
                            <lines>
                                <line number="29" hits="1" branch="false"/>
                                <line number="29" hits="1" branch="false"/>
                                <line number="29" hits="1" branch="false"/>
                                <line number="29" hits="1" branch="false"/>
                            </lines>
</method>
                        <method 
                        name="org.alexguldemond.pdenetwork/SimpleDerivative/weightGradientBatch" signature="()V" line-rate="1.00" branch-rate="1.00" complexity="0">
                            <lines>
                                <line number="61" hits="1" branch="false"/>
                                <line number="61" hits="1" branch="false"/>
                                <line number="61" hits="1" branch="false"/>
                                <line number="54" hits="1" branch="false"/>
                                <line number="57" hits="1" branch="false"/>
                                <line number="57" hits="1" branch="false"/>
                                <line number="54" hits="1" branch="false"/>
                                <line number="57" hits="1" branch="false"/>
                                <line number="57" hits="1" branch="false"/>
                                <line number="64" hits="1" branch="false"/>
                                <line number="61" hits="1" branch="false"/>
                                <line number="54" hits="1" branch="false"/>
                                <line number="61" hits="1" branch="false"/>
                                <line number="61" hits="1" branch="false"/>
                                <line number="57" hits="1" branch="false"/>
                                <line number="56" hits="1" branch="false"/>
                                <line number="54" hits="1" branch="false"/>
                                <line number="61" hits="1" branch="false"/>
                                <line number="61" hits="1" branch="false"/>
                                <line number="57" hits="1" branch="false"/>
                                <line number="60" hits="1" branch="false"/>
                                <line number="54" hits="1" branch="false"/>
                                <line number="54" hits="1" branch="false"/>
                                <line number="57" hits="1" branch="false"/>
                                <line number="57" hits="1" branch="false"/>
                                <line number="61" hits="1" branch="false"/>
                                <line number="54" hits="1" branch="false"/>
                                <line number="61" hits="1" branch="false"/>
                                <line number="61" hits="1" branch="false"/>
                                <line number="61" hits="1" branch="false"/>
                                <line number="57" hits="1" branch="false"/>
                                <line number="61" hits="1" branch="false"/>
                                <line number="57" hits="1" branch="false"/>
                                <line number="60" hits="1" branch="false"/>
                                <line number="52" hits="1" branch="false"/>
                                <line number="54" hits="1" branch="false"/>
                                <line number="61" hits="1" branch="false"/>
                                <line number="61" hits="1" branch="false"/>
                                <line number="57" hits="1" branch="false"/>
                                <line number="61" hits="1" branch="false"/>
                                <line number="57" hits="1" branch="false"/>
                                <line number="61" hits="1" branch="false"/>
                                <line number="59" hits="1" branch="false"/>
                                <line number="61" hits="1" branch="false"/>
                                <line number="54" hits="1" branch="false"/>
                                <line number="54" hits="1" branch="false"/>
                                <line number="57" hits="1" branch="false"/>
                                <line number="61" hits="1" branch="false"/>
                                <line number="61" hits="1" branch="false"/>
                                <line number="57" hits="1" branch="false"/>
                                <line number="61" hits="1" branch="false"/>
                                <line number="54" hits="1" branch="false"/>
                                <line number="56" hits="1" branch="false"/>
                                <line number="51" hits="1" branch="false"/>
                                <line number="54" hits="1" branch="false"/>
                                <line number="61" hits="1" branch="false"/>
                                <line number="61" hits="1" branch="false"/>
                            </lines>
</method>
                    </methods>
                    <lines>
                        <line number="61" hits="1" branch="false"/>
                        <line number="61" hits="1" branch="false"/>
                        <line number="44" hits="1" branch="false"/>
                        <line number="46" hits="1" branch="false"/>
                        <line number="78" hits="1" branch="false"/>
                        <line number="40" hits="1" branch="false"/>
                        <line number="61" hits="1" branch="false"/>
                        <line number="77" hits="1" branch="false"/>
                        <line number="54" hits="1" branch="false"/>
                        <line number="57" hits="1" branch="false"/>
                        <line number="57" hits="1" branch="false"/>
                        <line number="44" hits="1" branch="false"/>
                        <line number="54" hits="1" branch="false"/>
                        <line number="57" hits="1" branch="false"/>
                        <line number="57" hits="1" branch="false"/>
                        <line number="78" hits="1" branch="false"/>
                        <line number="37" hits="1" branch="false"/>
                        <line number="44" hits="1" branch="false"/>
                        <line number="64" hits="1" branch="false"/>
                        <line number="77" hits="1" branch="false"/>
                        <line number="15" hits="1" branch="false"/>
                        <line number="23" hits="1" branch="false"/>
                        <line number="29" hits="1" branch="false"/>
                        <line number="8" hits="1" branch="false"/>
                        <line number="61" hits="1" branch="false"/>
                        <line number="54" hits="1" branch="false"/>
                        <line number="61" hits="1" branch="false"/>
                        <line number="19" hits="1" branch="false"/>
                        <line number="23" hits="1" branch="false"/>
                        <line number="61" hits="1" branch="false"/>
                        <line number="10" hits="1" branch="false"/>
                        <line number="57" hits="1" branch="false"/>
                        <line number="40" hits="1" branch="false"/>
                        <line number="44" hits="1" branch="false"/>
                        <line number="56" hits="1" branch="false"/>
                        <line number="44" hits="1" branch="false"/>
                        <line number="32" hits="1" branch="false"/>
                        <line number="54" hits="1" branch="false"/>
                        <line number="32" hits="1" branch="false"/>
                        <line number="21" hits="1" branch="false"/>
                        <line number="15" hits="1" branch="false"/>
                        <line number="29" hits="1" branch="false"/>
                        <line number="78" hits="1" branch="false"/>
                        <line number="77" hits="1" branch="false"/>
                        <line number="61" hits="1" branch="false"/>
                        <line number="61" hits="1" branch="false"/>
                        <line number="57" hits="1" branch="false"/>
                        <line number="60" hits="1" branch="false"/>
                        <line number="54" hits="1" branch="false"/>
                        <line number="77" hits="1" branch="false"/>
                        <line number="77" hits="1" branch="false"/>
                        <line number="78" hits="1" branch="false"/>
                        <line number="54" hits="1" branch="false"/>
                        <line number="78" hits="1" branch="false"/>
                        <line number="77" hits="1" branch="false"/>
                        <line number="78" hits="1" branch="false"/>
                        <line number="12" hits="1" branch="false"/>
                        <line number="57" hits="1" branch="false"/>
                        <line number="57" hits="1" branch="false"/>
                        <line number="61" hits="1" branch="false"/>
                        <line number="44" hits="1" branch="false"/>
                        <line number="54" hits="1" branch="false"/>
                        <line number="40" hits="1" branch="false"/>
                        <line number="44" hits="1" branch="false"/>
                        <line number="21" hits="1" branch="false"/>
                        <line number="16" hits="1" branch="false"/>
                        <line number="32" hits="1" branch="false"/>
                        <line number="61" hits="1" branch="false"/>
[...]
                        <line number="54" hits="1" branch="false"/>
                        <line number="135" hits="1" branch="false"/>
                        <line number="65" hits="1" branch="false"/>
                        <line number="57" hits="1" branch="false"/>
                        <line number="76" hits="1" branch="false"/>
                        <line number="121" hits="1" branch="false"/>
                        <line number="57" hits="1" branch="false"/>
                        <line number="57" hits="1" branch="false"/>
                        <line number="135" hits="1" branch="false"/>
                        <line number="135" hits="1" branch="false"/>
                        <line number="58" hits="1" branch="false"/>
                        <line number="117" hits="1" branch="false"/>
                        <line number="119" hits="1" branch="false"/>
                        <line number="58" hits="1" branch="false"/>
                        <line number="113" hits="1" branch="false"/>
                        <line number="116" hits="1" branch="false"/>
                        <line number="95" hits="1" branch="false"/>
                        <line number="56" hits="1" branch="false"/>
                        <line number="136" hits="1" branch="false"/>
                        <line number="145" hits="1" branch="false"/>
                        <line number="56" hits="1" branch="false"/>
                        <line number="56" hits="1" branch="false"/>
                        <line number="56" hits="1" branch="false"/>
                        <line number="123" hits="1" branch="false"/>
                        <line number="143" hits="1" branch="false"/>
                        <line number="56" hits="1" branch="false"/>
                        <line number="57" hits="1" branch="false"/>
                        <line number="79" hits="1" branch="false"/>
                        <line number="84" hits="1" branch="false"/>
                        <line number="135" hits="1" branch="false"/>
                        <line number="55" hits="1" branch="false"/>
                        <line number="134" hits="1" branch="false"/>
                        <line number="135" hits="1" branch="false"/>
                        <line number="135" hits="1" branch="false"/>
                        <line number="54" hits="1" branch="false"/>
                        <line number="57" hits="1" branch="false"/>
                        <line number="69" hits="1" branch="false"/>
                        <line number="94" hits="1" branch="false"/>
                        <line number="54" hits="1" branch="false"/>
                        <line number="50" hits="1" branch="false"/>
                        <line number="133" hits="1" branch="false"/>
                        <line number="55" hits="1" branch="false"/>
                        <line number="52" hits="1" branch="false"/>
                        <line number="133" hits="1" branch="false"/>
                        <line number="55" hits="1" branch="false"/>
                        <line number="54" hits="1" branch="false"/>
                        <line number="58" hits="1" branch="false"/>
                        <line number="57" hits="1" branch="false"/>
                        <line number="125" hits="1" branch="false"/>
                        <line number="49" hits="1" branch="false"/>
                        <line number="124" hits="1" branch="false"/>
                        <line number="145" hits="1" branch="false"/>
                        <line number="56" hits="1" branch="false"/>
                        <line number="134" hits="1" branch="false"/>
                        <line number="123" hits="1" branch="false"/>
                        <line number="124" hits="1" branch="false"/>
                        <line number="16" hits="1" branch="false"/>
                        <line number="123" hits="1" branch="false"/>
                        <line number="45" hits="1" branch="false"/>
                        <line number="56" hits="1" branch="false"/>
                        <line number="123" hits="1" branch="false"/>
                        <line number="57" hits="1" branch="false"/>
                        <line number="57" hits="1" branch="false"/>
                        <line number="26" hits="1" branch="false"/>
                        <line number="124" hits="1" branch="false"/>
                        <line number="35" hits="1" branch="false"/>
                        <line number="55" hits="1" branch="false"/>
                        <line number="135" hits="1" branch="false"/>
                        <line number="56" hits="1" branch="false"/>
                        <line number="55" hits="1" branch="false"/>
                        <line number="135" hits="1" branch="false"/>
                        <line number="122" hits="1" branch="false"/>
                        <line number="16" hits="1" branch="false"/>
                        <line number="124" hits="1" branch="false"/>
                        <line number="134" hits="1" branch="false"/>
                        <line number="54" hits="1" branch="false"/>
                        <line number="127" hits="1" branch="false"/>
                        <line number="54" hits="1" branch="false"/>
                        <line number="134" hits="1" branch="false"/>
                        <line number="51" hits="1" branch="false"/>
                        <line number="133" hits="1" branch="false"/>
                        <line number="57" hits="1" branch="false"/>
                        <line number="125" hits="1" branch="false"/>
                        <line number="134" hits="1" branch="false"/>
                        <line number="52" hits="1" branch="false"/>
                        <line number="47" hits="1" branch="false"/>
                        <line number="125" hits="1" branch="false"/>
                        <line number="49" hits="1" branch="false"/>
                        <line number="136" hits="1" branch="false"/>
                        <line number="145" hits="1" branch="false"/>
                        <line number="56" hits="1" branch="false"/>
                        <line number="54" hits="1" branch="false"/>
                        <line number="121" hits="1" branch="false"/>
                        <line number="11" hits="1" branch="false"/>
                        <line number="122" hits="1" branch="false"/>
                        <line number="130" hits="1" branch="false"/>
                        <line number="133" hits="1" branch="false"/>
                        <line number="51" hits="1" branch="false"/>
                        <line number="125" hits="1" branch="false"/>
                        <line number="46" hits="1" branch="false"/>
                        <line number="54" hits="1" branch="false"/>
                        <line number="125" hits="1" branch="false"/>
                        <line number="118" hits="1" branch="false"/>
                        <line number="121" hits="1" branch="false"/>
                        <line number="116" hits="1" branch="false"/>
                        <line number="117" hits="1" branch="false"/>
                        <line number="121" hits="1" branch="false"/>
                        <line number="124" hits="1" branch="false"/>
                        <line number="124" hits="1" branch="false"/>
                        <line number="30" hits="1" branch="false"/>
                        <line number="124" hits="1" branch="false"/>
                        <line number="37" hits="1" branch="false"/>
                        <line number="55" hits="1" branch="false"/>
                        <line number="121" hits="1" branch="false"/>
                        <line number="123" hits="1" branch="false"/>
                        <line number="47" hits="1" branch="false"/>
                        <line number="50" hits="1" branch="false"/>
                        <line number="123" hits="1" branch="false"/>
                        <line number="16" hits="1" branch="false"/>
                        <line number="122" hits="1" branch="false"/>
                        <line number="134" hits="1" branch="false"/>
                        <line number="20" hits="1" branch="false"/>
                        <line number="134" hits="1" branch="false"/>
                        <line number="54" hits="1" branch="false"/>
                        <line number="33" hits="1" branch="false"/>
                        <line number="16" hits="1" branch="false"/>
                        <line number="42" hits="1" branch="false"/>
                        <line number="114" hits="1" branch="false"/>
                        <line number="123" hits="1" branch="false"/>
                        <line number="121" hits="1" branch="false"/>
                        <line number="123" hits="1" branch="false"/>
                        <line number="67" hits="1" branch="false"/>
                        <line number="78" hits="1" branch="false"/>
                        <line number="119" hits="1" branch="false"/>
                        <line number="122" hits="1" branch="false"/>
                        <line number="121" hits="1" branch="false"/>
                        <line number="124" hits="1" branch="false"/>
                        <line number="124" hits="1" branch="false"/>
                        <line number="96" hits="1" branch="false"/>
                        <line number="116" hits="1" branch="false"/>
                        <line number="117" hits="1" branch="false"/>
                        <line number="110" hits="1" branch="false"/>
                        <line number="123" hits="1" branch="false"/>
                        <line number="16" hits="1" branch="false"/>
                        <line number="122" hits="1" branch="false"/>
                        <line number="23" hits="1" branch="false"/>
                        <line number="85" hits="1" branch="false"/>
                        <line number="94" hits="1" branch="false"/>
                        <line number="122" hits="1" branch="false"/>
                        <line number="46" hits="1" branch="false"/>
                        <line number="57" hits="1" branch="false"/>
                        <line number="88" hits="1" branch="false"/>
                        <line number="113" hits="1" branch="false"/>
                        <line number="136" hits="1" branch="false"/>
                        <line number="71" hits="1" branch="false"/>
                        <line number="81" hits="1" branch="false"/>
                        <line number="57" hits="1" branch="false"/>
                        <line number="102" hits="1" branch="false"/>
                        <line number="57" hits="1" branch="false"/>
                        <line number="94" hits="1" branch="false"/>
                        <line number="121" hits="1" branch="false"/>
                        <line number="122" hits="1" branch="false"/>
                        <line number="121" hits="1" branch="false"/>
                        <line number="56" hits="1" branch="false"/>
                        <line number="58" hits="1" branch="false"/>
                        <line number="114" hits="1" branch="false"/>
                        <line number="121" hits="1" branch="false"/>
                        <line number="116" hits="1" branch="false"/>
                        <line number="118" hits="1" branch="false"/>
                        <line number="145" hits="1" branch="false"/>
                        <line number="57" hits="1" branch="false"/>
                        <line number="56" hits="1" branch="false"/>
                        <line number="74" hits="1" branch="false"/>
                        <line number="58" hits="1" branch="false"/>
                        <line number="54" hits="1" branch="false"/>
                        <line number="54" hits="1" branch="false"/>
                        <line number="57" hits="1" branch="false"/>
                        <line number="145" hits="1" branch="false"/>
                        <line number="56" hits="1" branch="false"/>
                        <line number="57" hits="1" branch="false"/>
                        <line number="106" hits="1" branch="false"/>
                        <line number="113" hits="1" branch="false"/>
                        <line number="135" hits="1" branch="false"/>
                        <line number="135" hits="1" branch="false"/>
                        <line number="56" hits="1" branch="false"/>
                        <line number="55" hits="1" branch="false"/>
                        <line number="57" hits="1" branch="false"/>
                        <line number="136" hits="1" branch="false"/>
                        <line number="56" hits="1" branch="false"/>
                        <line number="64" hits="1" branch="false"/>
                        <line number="95" hits="1" branch="false"/>
                        <line number="134" hits="1" branch="false"/>
                        <line number="133" hits="1" branch="false"/>
                        <line number="54" hits="1" branch="false"/>
                        <line number="134" hits="1" branch="false"/>
                        <line number="55" hits="1" branch="false"/>
                        <line number="58" hits="1" branch="false"/>
                        <line number="129" hits="1" branch="false"/>
                        <line number="83" hits="1" branch="false"/>
                        <line number="91" hits="1" branch="false"/>
                        <line number="134" hits="1" branch="false"/>
                        <line number="56" hits="1" branch="false"/>
                        <line number="123" hits="1" branch="false"/>
                        <line number="46" hits="1" branch="false"/>
                        <line number="133" hits="1" branch="false"/>
                        <line number="52" hits="1" branch="false"/>
                        <line number="57" hits="1" branch="false"/>
                        <line number="57" hits="1" branch="false"/>
                        <line number="57" hits="1" branch="false"/>
                        <line number="124" hits="1" branch="false"/>
                        <line number="138" hits="1" branch="false"/>
                        <line number="133" hits="1" branch="false"/>
                        <line number="50" hits="1" branch="false"/>
                        <line number="41" hits="1" branch="false"/>
                        <line number="145" hits="1" branch="false"/>
                        <line number="135" hits="1" branch="false"/>
                        <line number="56" hits="1" branch="false"/>
                        <line number="135" hits="1" branch="false"/>
                        <line number="54" hits="1" branch="false"/>
                        <line number="55" hits="1" branch="false"/>
                        <line number="122" hits="1" branch="false"/>
                        <line number="124" hits="1" branch="false"/>
                        <line number="22" hits="1" branch="false"/>
                        <line number="134" hits="1" branch="false"/>
                        <line number="33" hits="1" branch="false"/>
                        <line number="54" hits="1" branch="false"/>
                        <line number="135" hits="1" branch="false"/>
                        <line number="56" hits="1" branch="false"/>
                        <line number="54" hits="1" branch="false"/>
                        <line number="55" hits="1" branch="false"/>
                        <line number="58" hits="1" branch="false"/>
                        <line number="123" hits="1" branch="false"/>
                        <line number="125" hits="1" branch="false"/>
                        <line number="134" hits="1" branch="false"/>
                        <line number="124" hits="1" branch="false"/>
                        <line number="54" hits="1" branch="false"/>
                        <line number="49" hits="1" branch="false"/>
                        <line number="135" hits="1" branch="false"/>
                        <line number="56" hits="1" branch="false"/>
                        <line number="123" hits="1" branch="false"/>
                        <line number="123" hits="1" branch="false"/>
                        <line number="122" hits="1" branch="false"/>
                        <line number="133" hits="1" branch="false"/>
                        <line number="16" hits="1" branch="false"/>
                        <line number="122" hits="1" branch="false"/>
                        <line number="134" hits="1" branch="false"/>
                        <line number="52" hits="1" branch="false"/>
                        <line number="134" hits="1" branch="false"/>
                        <line number="54" hits="1" branch="false"/>
                        <line number="121" hits="1" branch="false"/>
                        <line number="121" hits="1" branch="false"/>
                        <line number="124" hits="1" branch="false"/>
                        <line number="34" hits="1" branch="false"/>
                        <line number="125" hits="1" branch="false"/>
                        <line number="119" hits="1" branch="false"/>
                        <line number="124" hits="1" branch="false"/>
                        <line number="55" hits="1" branch="false"/>
                        <line number="125" hits="1" branch="false"/>
                        <line number="124" hits="1" branch="false"/>
                        <line number="49" hits="1" branch="false"/>
                        <line number="50" hits="1" branch="false"/>
                        <line number="123" hits="1" branch="false"/>
                        <line number="124" hits="1" branch="false"/>
                        <line number="16" hits="1" branch="false"/>
                        <line number="44" hits="1" branch="false"/>
                        <line number="135" hits="1" branch="false"/>
                        <line number="47" hits="1" branch="false"/>
                        <line number="55" hits="1" branch="false"/>
                        <line number="25" hits="1" branch="false"/>
                        <line number="134" hits="1" branch="false"/>
                        <line number="56" hits="1" branch="false"/>
                        <line number="54" hits="1" branch="false"/>
                    </lines>
</class>
                <class 
                name="org.alexguldemond.pdenetwork.SigmoidDerivatives.sigmoidFirstDerivative.sigmoidImplDouble" filename="org/alexguldemond/pdenetwork/Sigmoid.scala" line-rate="1.00" branch-rate="1.00" complexity="0">
                    <methods>
                        <method 
                        name="org.alexguldemond.pdenetwork/sigmoidImplDouble/apply" signature="()V" line-rate="1.00" branch-rate="1.00" complexity="0">
                            <lines>
                                <line number="12" hits="1" branch="false"/>
                                <line number="11" hits="1" branch="false"/>
                                <line number="11" hits="1" branch="false"/>
                                <line number="12" hits="1" branch="false"/>
                            </lines>
</method>
                    </methods>
                    <lines>
                        <line number="12" hits="1" branch="false"/>
                        <line number="11" hits="1" branch="false"/>
                        <line number="11" hits="1" branch="false"/>
                        <line number="12" hits="1" branch="false"/>
                    </lines>
</class>
            </classes>
        </package>
    </packages>
</coverage>
